<?xml version="1.0" encoding="UTF-8"?>
<!-- Generated by org.testng.reporters.JUnitReportReporter -->
<testsuite hostname="deep-shah" failures="0" tests="1" name="jenkinsdemo.jenkins" time="4.005" errors="0" timestamp="2024-06-24T17:59:43 IST" skipped="0">
  <testcase classname="jenkinsdemo.jenkins" name="test1" time="4.005"/>
</testsuite> <!-- jenkinsdemo.jenkins -->
