<?xml version="1.0" encoding="UTF-8"?>
<!-- Generated by org.testng.reporters.JUnitReportReporter -->
<testsuite hostname="deep-shah" failures="0" tests="1" name="jenkinsdemo.jenkins" time="3.967" errors="0" timestamp="2024-06-24T17:25:32 IST" skipped="0">
  <testcase classname="jenkinsdemo.jenkins" name="test1" time="3.967"/>
</testsuite> <!-- jenkinsdemo.jenkins -->
